<?xml version="1.0" encoding="UTF-8"?>
<testsuite name="com.tup.buensabor.BuensaborApplicationTests" tests="1" skipped="0" failures="0" errors="0" timestamp="2023-11-15T13:23:30" hostname="DESKTOP-CFLIT05" time="0.874">
  <properties/>
  <testcase name="contextLoads()" classname="com.tup.buensabor.BuensaborApplicationTests" time="0.874"/>
  <system-out><![CDATA[10:23:09.744 [Test worker] INFO org.springframework.test.context.support.AnnotationConfigContextLoaderUtils -- Could not detect default configuration classes for test class [com.tup.buensabor.BuensaborApplicationTests]: BuensaborApplicationTests does not declare any static, non-private, non-final, nested classes annotated with @Configuration.
10:23:09.925 [Test worker] INFO org.springframework.boot.test.context.SpringBootTestContextBootstrapper -- Found @SpringBootConfiguration com.tup.buensabor.BuensaborApplication for test class com.tup.buensabor.BuensaborApplicationTests

  .   ____          _            __ _ _
 /\\ / ___'_ __ _ _(_)_ __  __ _ \ \ \ \
( ( )\___ | '_ | '_| | '_ \/ _` | \ \ \ \
 \\/  ___)| |_)| | | | | || (_| |  ) ) ) )
  '  |____| .__|_| |_|_| |_\__, | / / / /
 =========|_|==============|___/=/_/_/_/
 :: Spring Boot ::                (v3.1.3)

2023-11-15T10:23:10.767-03:00  INFO 11908 --- [    Test worker] c.t.buensabor.BuensaborApplicationTests  : Starting BuensaborApplicationTests using Java 17.0.8 with PID 11908 (started by PCintel in C:\Users\PCintel\Desktop\Facultad\3Ro\DdS\ElBuenSabor_Back)
2023-11-15T10:23:10.769-03:00  INFO 11908 --- [    Test worker] c.t.buensabor.BuensaborApplicationTests  : No active profile set, falling back to 1 default profile: "default"
2023-11-15T10:23:12.640-03:00  INFO 11908 --- [    Test worker] .s.d.r.c.RepositoryConfigurationDelegate : Bootstrapping Spring Data JPA repositories in DEFAULT mode.
2023-11-15T10:23:12.867-03:00  INFO 11908 --- [    Test worker] .s.d.r.c.RepositoryConfigurationDelegate : Finished Spring Data repository scanning in 208 ms. Found 15 JPA repository interfaces.
2023-11-15T10:23:14.012-03:00  INFO 11908 --- [    Test worker] o.hibernate.jpa.internal.util.LogHelper  : HHH000204: Processing PersistenceUnitInfo [name: default]
2023-11-15T10:23:14.156-03:00  INFO 11908 --- [    Test worker] org.hibernate.Version                    : HHH000412: Hibernate ORM core version 6.2.7.Final
2023-11-15T10:23:14.163-03:00  INFO 11908 --- [    Test worker] org.hibernate.cfg.Environment            : HHH000406: Using bytecode reflection optimizer
2023-11-15T10:23:14.467-03:00  INFO 11908 --- [    Test worker] o.h.b.i.BytecodeProviderInitiator        : HHH000021: Bytecode provider name : bytebuddy
2023-11-15T10:23:14.708-03:00  INFO 11908 --- [    Test worker] o.s.o.j.p.SpringPersistenceUnitInfo      : No LoadTimeWeaver setup: ignoring JPA class transformer
2023-11-15T10:23:14.749-03:00  INFO 11908 --- [    Test worker] com.zaxxer.hikari.HikariDataSource       : HikariPool-1 - Starting...
2023-11-15T10:23:15.252-03:00  INFO 11908 --- [    Test worker] com.zaxxer.hikari.pool.HikariPool        : HikariPool-1 - Added connection conn0: url=jdbc:h2:mem:./fuerzasdb user=SA
2023-11-15T10:23:15.258-03:00  INFO 11908 --- [    Test worker] com.zaxxer.hikari.HikariDataSource       : HikariPool-1 - Start completed.
2023-11-15T10:23:16.168-03:00  INFO 11908 --- [    Test worker] o.h.b.i.BytecodeProviderInitiator        : HHH000021: Bytecode provider name : bytebuddy
2023-11-15T10:23:20.304-03:00  INFO 11908 --- [    Test worker] o.h.e.t.j.p.i.JtaPlatformInitiator       : HHH000490: Using JtaPlatform implementation: [org.hibernate.engine.transaction.jta.platform.internal.NoJtaPlatform]
2023-11-15T10:23:21.002-03:00  INFO 11908 --- [    Test worker] j.LocalContainerEntityManagerFactoryBean : Initialized JPA EntityManagerFactory for persistence unit 'default'
2023-11-15T10:23:23.412-03:00  INFO 11908 --- [    Test worker] o.s.d.j.r.query.QueryEnhancerFactory     : Hibernate is in classpath; If applicable, HQL parser will be used.
2023-11-15T10:23:27.105-03:00  WARN 11908 --- [    Test worker] JpaBaseConfiguration$JpaWebConfiguration : spring.jpa.open-in-view is enabled by default. Therefore, database queries may be performed during view rendering. Explicitly configure spring.jpa.open-in-view to disable this warning
2023-11-15T10:23:27.709-03:00  INFO 11908 --- [    Test worker] o.s.s.web.DefaultSecurityFilterChain     : Will secure any request with [org.springframework.security.web.session.DisableEncodeUrlFilter@6d3a56ea, org.springframework.security.web.context.request.async.WebAsyncManagerIntegrationFilter@141874c8, org.springframework.security.web.context.SecurityContextHolderFilter@1300112e, org.springframework.security.web.header.HeaderWriterFilter@c2ddfeb, org.springframework.security.web.authentication.logout.LogoutFilter@64dcfd09, com.tup.buensabor.security.Jwt.JwtAuthenticationFilter@54c697c, org.springframework.security.web.savedrequest.RequestCacheAwareFilter@444fbd13, org.springframework.security.web.servletapi.SecurityContextHolderAwareRequestFilter@3db145f7, org.springframework.security.web.authentication.AnonymousAuthenticationFilter@147ea894, org.springframework.security.web.session.SessionManagementFilter@74ec4df3, org.springframework.security.web.access.ExceptionTranslationFilter@189f9f9f, org.springframework.security.web.access.intercept.AuthorizationFilter@1ebcfcf1]
2023-11-15T10:23:29.764-03:00  INFO 11908 --- [    Test worker] o.s.b.a.h2.H2ConsoleAutoConfiguration    : H2 console available at '/h2-console'. Database available at 'jdbc:h2:mem:./fuerzasdb'
2023-11-15T10:23:29.903-03:00  INFO 11908 --- [    Test worker] c.t.buensabor.BuensaborApplicationTests  : Started BuensaborApplicationTests in 19.629 seconds (process running for 22.167)
----------------ESTOY----FUNCIONANDO---------------------
----------------ESTOY----FUNCIONANDO---------------------
]]></system-out>
  <system-err><![CDATA[]]></system-err>
</testsuite>
