<?xml version="1.0" encoding="UTF-8"?>
<testsuite name="com.tup.buensabor.BuensaborApplicationTests" tests="1" skipped="0" failures="0" errors="0" timestamp="2023-11-11T14:32:17" hostname="DESKTOP-CFLIT05" time="0.82">
  <properties/>
  <testcase name="contextLoads()" classname="com.tup.buensabor.BuensaborApplicationTests" time="0.82"/>
  <system-out><![CDATA[11:32:09.591 [Test worker] INFO org.springframework.test.context.support.AnnotationConfigContextLoaderUtils -- Could not detect default configuration classes for test class [com.tup.buensabor.BuensaborApplicationTests]: BuensaborApplicationTests does not declare any static, non-private, non-final, nested classes annotated with @Configuration.
11:32:09.727 [Test worker] INFO org.springframework.boot.test.context.SpringBootTestContextBootstrapper -- Found @SpringBootConfiguration com.tup.buensabor.BuensaborApplication for test class com.tup.buensabor.BuensaborApplicationTests

  .   ____          _            __ _ _
 /\\ / ___'_ __ _ _(_)_ __  __ _ \ \ \ \
( ( )\___ | '_ | '_| | '_ \/ _` | \ \ \ \
 \\/  ___)| |_)| | | | | || (_| |  ) ) ) )
  '  |____| .__|_| |_|_| |_\__, | / / / /
 =========|_|==============|___/=/_/_/_/
 :: Spring Boot ::                (v3.1.3)

2023-11-11T11:32:10.274-03:00  INFO 8564 --- [    Test worker] c.t.buensabor.BuensaborApplicationTests  : Starting BuensaborApplicationTests using Java 17.0.8 with PID 8564 (started by PCintel in C:\Users\PCintel\Desktop\Facultad\3Ro\DdS\ElBuenSabor_Back)
2023-11-11T11:32:10.277-03:00  INFO 8564 --- [    Test worker] c.t.buensabor.BuensaborApplicationTests  : No active profile set, falling back to 1 default profile: "default"
2023-11-11T11:32:11.371-03:00  INFO 8564 --- [    Test worker] .s.d.r.c.RepositoryConfigurationDelegate : Bootstrapping Spring Data JPA repositories in DEFAULT mode.
2023-11-11T11:32:11.514-03:00  INFO 8564 --- [    Test worker] .s.d.r.c.RepositoryConfigurationDelegate : Finished Spring Data repository scanning in 132 ms. Found 15 JPA repository interfaces.
2023-11-11T11:32:12.104-03:00  INFO 8564 --- [    Test worker] o.hibernate.jpa.internal.util.LogHelper  : HHH000204: Processing PersistenceUnitInfo [name: default]
2023-11-11T11:32:12.199-03:00  INFO 8564 --- [    Test worker] org.hibernate.Version                    : HHH000412: Hibernate ORM core version 6.2.7.Final
2023-11-11T11:32:12.203-03:00  INFO 8564 --- [    Test worker] org.hibernate.cfg.Environment            : HHH000406: Using bytecode reflection optimizer
2023-11-11T11:32:12.427-03:00  INFO 8564 --- [    Test worker] o.h.b.i.BytecodeProviderInitiator        : HHH000021: Bytecode provider name : bytebuddy
2023-11-11T11:32:12.625-03:00  INFO 8564 --- [    Test worker] o.s.o.j.p.SpringPersistenceUnitInfo      : No LoadTimeWeaver setup: ignoring JPA class transformer
2023-11-11T11:32:12.648-03:00  INFO 8564 --- [    Test worker] com.zaxxer.hikari.HikariDataSource       : HikariPool-1 - Starting...
2023-11-11T11:32:12.910-03:00  INFO 8564 --- [    Test worker] com.zaxxer.hikari.pool.HikariPool        : HikariPool-1 - Added connection conn0: url=jdbc:h2:mem:./fuerzasdb user=SA
2023-11-11T11:32:12.912-03:00  INFO 8564 --- [    Test worker] com.zaxxer.hikari.HikariDataSource       : HikariPool-1 - Start completed.
2023-11-11T11:32:13.434-03:00  INFO 8564 --- [    Test worker] o.h.b.i.BytecodeProviderInitiator        : HHH000021: Bytecode provider name : bytebuddy
2023-11-11T11:32:14.636-03:00  INFO 8564 --- [    Test worker] o.h.e.t.j.p.i.JtaPlatformInitiator       : HHH000490: Using JtaPlatform implementation: [org.hibernate.engine.transaction.jta.platform.internal.NoJtaPlatform]
2023-11-11T11:32:14.767-03:00  INFO 8564 --- [    Test worker] j.LocalContainerEntityManagerFactoryBean : Initialized JPA EntityManagerFactory for persistence unit 'default'
2023-11-11T11:32:15.163-03:00  INFO 8564 --- [    Test worker] o.s.d.j.r.query.QueryEnhancerFactory     : Hibernate is in classpath; If applicable, HQL parser will be used.
2023-11-11T11:32:16.164-03:00  WARN 8564 --- [    Test worker] JpaBaseConfiguration$JpaWebConfiguration : spring.jpa.open-in-view is enabled by default. Therefore, database queries may be performed during view rendering. Explicitly configure spring.jpa.open-in-view to disable this warning
2023-11-11T11:32:16.788-03:00  INFO 8564 --- [    Test worker] o.s.b.a.h2.H2ConsoleAutoConfiguration    : H2 console available at '/h2-console'. Database available at 'jdbc:h2:mem:./fuerzasdb'
2023-11-11T11:32:16.888-03:00  INFO 8564 --- [    Test worker] c.t.buensabor.BuensaborApplicationTests  : Started BuensaborApplicationTests in 6.951 seconds (process running for 8.647)
----------------ESTOY----FUNCIONANDO---------------------
----------------ESTOY----FUNCIONANDO---------------------
]]></system-out>
  <system-err><![CDATA[]]></system-err>
</testsuite>
